Flow report for MIPS1CYCLE
Thu Dec 09 16:03:13 2021
Quartus II 64-Bit Version 7.2 Build 151 09/26/2007 SJ Full Version


---------------------
; Table of Contents ;
---------------------
  1. Legal Notice
  2. Flow Summary
  3. Flow Settings
  4. Flow Non-Default Global Settings
  5. Flow Elapsed Time
  6. Flow Log



----------------
; Legal Notice ;
----------------
Copyright (C) 1991-2007 Altera Corporation
Your use of Altera Corporation's design tools, logic functions 
and other software and tools, and its AMPP partner logic 
functions, and any output files from any of the foregoing 
(including device programming or simulation files), and any 
associated documentation or information are expressly subject 
to the terms and conditions of the Altera Program License 
Subscription Agreement, Altera MegaCore Function License 
Agreement, or other applicable license agreement, including, 
without limitation, that your use is for the sole purpose of 
programming logic devices manufactured by Altera and sold by 
Altera or its authorized distributors.  Please refer to the 
applicable agreement for further details.



+----------------------------------------------------------------------+
; Flow Summary                                                         ;
+---------------------------+------------------------------------------+
; Flow Status               ; Successful - Thu Dec 09 16:03:13 2021    ;
; Quartus II 64-Bit Version ; 7.2 Build 151 09/26/2007 SJ Full Version ;
; Revision Name             ; MIPS1CYCLE                               ;
; Top-level Entity Name     ; MIPS1CYCLE                               ;
; Family                    ; APEX20KE                                 ;
; Device                    ; EP20K1500EFC33-3                         ;
; Timing Models             ; Final                                    ;
; Met timing requirements   ; Yes                                      ;
; Total logic elements      ; 2,601 / 51,840 ( 5 % )                   ;
; Total pins                ; 236 / 808 ( 29 % )                       ;
; Total virtual pins        ; 0                                        ;
; Total memory bits         ; 1,024 / 442,368 ( < 1 % )                ;
; Total PLLs                ; 0                                        ;
+---------------------------+------------------------------------------+


+-----------------------------------------+
; Flow Settings                           ;
+-------------------+---------------------+
; Option            ; Setting             ;
+-------------------+---------------------+
; Start date & time ; 12/09/2021 16:01:41 ;
; Main task         ; Compilation         ;
; Revision Name     ; MIPS1CYCLE          ;
+-------------------+---------------------+


+---------------------------------------------------------------------------------------+
; Flow Non-Default Global Settings                                                      ;
+------------------------------------+-------+---------------+-------------+------------+
; Assignment Name                    ; Value ; Default Value ; Entity Name ; Section Id ;
+------------------------------------+-------+---------------+-------------+------------+
; USE_GENERATED_PHYSICAL_CONSTRAINTS ; Off   ; --            ; --          ; eda_palace ;
+------------------------------------+-------+---------------+-------------+------------+


+------------------------------------------------------------------+
; Flow Elapsed Time                                                ;
+-------------------------+--------------+-------------------------+
; Module Name             ; Elapsed Time ; Average Processors Used ;
+-------------------------+--------------+-------------------------+
; Analysis & Synthesis    ; 00:00:42     ; 1.0                     ;
; Fitter                  ; 00:00:36     ; 1.0                     ;
; Assembler               ; 00:00:08     ; 1.0                     ;
; Classic Timing Analyzer ; 00:00:10     ; 1.0                     ;
; Total                   ; 00:01:36     ; --                      ;
+-------------------------+--------------+-------------------------+


------------
; Flow Log ;
------------
quartus_map --read_settings_files=on --write_settings_files=off MIPS1CYCLE -c MIPS1CYCLE
quartus_fit --read_settings_files=off --write_settings_files=off MIPS1CYCLE -c MIPS1CYCLE
quartus_asm --read_settings_files=off --write_settings_files=off MIPS1CYCLE -c MIPS1CYCLE
quartus_tan --read_settings_files=off --write_settings_files=off MIPS1CYCLE -c MIPS1CYCLE



